<?xml version="1.0" encoding="UTF-8"?>
<!-- Generated by org.testng.reporters.JUnitXMLReporter -->
<testsuite ignored="0" hostname="Harry" failures="0" tests="3" name="Default test" time="20.182" errors="0" timestamp="2024-11-28T09:34:36 IST">
  <testcase classname="ProductTest.DemoExecution" name="demoMethodExecution" time="0.028"/>
  <testcase classname="ProductTest.DemoExecution" name="demoMethodExecution" time="0.008"/>
  <testcase classname="ProductTest.DemoExecution" name="demoMethodExecution" time="0.002"/>
</testsuite> <!-- Default test -->
