<?xml version="1.0" encoding="UTF-8"?>
<!-- Generated by org.testng.reporters.JUnitXMLReporter -->
<testsuite ignored="0" hostname="DESKTOP-U33VJRC" failures="0" tests="3" name="Test3" time="33.748" errors="0" timestamp="2024-11-25T21:35:17 IST">
  <testcase classname="ProductTest.DogsProduct" name="addProduct" time="9.698"/>
  <testcase classname="ProductTest.DogsProduct" name="updateProduct" time="10.155"/>
  <testcase classname="ProductTest.DogsProduct" name="removeProduct" time="1.561"/>
</testsuite> <!-- Test3 -->
