<?xml version="1.0" encoding="UTF-8"?>
<!-- Generated by org.testng.reporters.JUnitXMLReporter -->
<testsuite ignored="0" hostname="DESKTOP-U33VJRC" failures="0" tests="3" name="Test4" time="35.137" errors="0" timestamp="2024-11-25T21:35:19 IST">
  <testcase classname="ProductTest.FishProduct" name="addProduct" time="8.554"/>
  <testcase classname="ProductTest.FishProduct" name="removeProduct" time="5.519"/>
  <testcase classname="ProductTest.FishProduct" name="updateProduct" time="8.414"/>
</testsuite> <!-- Test4 -->
