<?xml version="1.0" encoding="UTF-8"?>
<!-- Generated by org.testng.reporters.JUnitXMLReporter -->
<testsuite ignored="1" hostname="Harry" failures="0" tests="1" name="Test1" time="21.819" errors="0" timestamp="2024-11-26T09:41:03 IST">
  <testcase classname="ProductTest.BirdsProduct" name="addFirstProduct" time="6.197"/>
  <testcase classname="ProductTest.BirdsProduct" name="removeFirstProduct" time="0.0">
    <ignored/>
  </testcase> <!-- removeFirstProduct -->
</testsuite> <!-- Test1 -->
