<?xml version="1.0" encoding="UTF-8"?>
<!-- Generated by org.testng.reporters.JUnitXMLReporter -->
<testsuite ignored="1" hostname="LAPTOP-EKDAT383" failures="0" tests="1" name="Test2" time="19.062" errors="0" timestamp="2024-11-26T11:21:02 IST">
  <testcase classname="ProductTest.CatsProduct" name="addFirstProduct" time="3.785"/>
  <testcase classname="ProductTest.CatsProduct" name="removeProduct" time="0.0">
    <ignored/>
  </testcase> <!-- removeProduct -->
</testsuite> <!-- Test2 -->
