<?xml version="1.0" encoding="UTF-8"?>
<!-- Generated by org.testng.reporters.JUnitXMLReporter -->
<testsuite ignored="0" hostname="Lenovo-PC" failures="1" tests="2" name="Test5" time="61.218" errors="0" timestamp="2024-11-23T15:49:50 IST">
  <testcase classname="ProductTest.ReptileProduct" name="addProduct" time="14.086">
    <failure type="java.io.FileNotFoundException" message=".\TakeScreenshot\DogProduct.png (The system cannot find the path specified)">
      <![CDATA[java.io.FileNotFoundException: .\TakeScreenshot\DogProduct.png (The system cannot find the path specified)
at java.base/java.io.FileOutputStream.open0(Native Method)
at java.base/java.io.FileOutputStream.open(FileOutputStream.java:289)
at java.base/java.io.FileOutputStream.<init>(FileOutputStream.java:230)
at java.base/java.io.FileOutputStream.<init>(FileOutputStream.java:179)
at org.openqa.selenium.io.FileHandler.copyFile(FileHandler.java:138)
at org.openqa.selenium.io.FileHandler.copy(FileHandler.java:117)
at ProductTest.ReptileProduct.addProduct(ReptileProduct.java:153)
at java.base/java.util.ArrayList.forEach(ArrayList.java:1597)
at java.base/java.util.concurrent.FutureTask.run(FutureTask.java:317)
at java.base/java.util.concurrent.ThreadPoolExecutor.runWorker(ThreadPoolExecutor.java:1144)
at java.base/java.util.concurrent.ThreadPoolExecutor$Worker.run(ThreadPoolExecutor.java:642)
at java.base/java.lang.Thread.run(Thread.java:1570)
... Removed 15 stack frames]]>
    </failure>
  </testcase> <!-- addProduct -->
  <testcase classname="ProductTest.ReptileProduct" name="removeProduct" time="1.968"/>
</testsuite> <!-- Test5 -->
