<?xml version="1.0" encoding="UTF-8"?>
<!-- Generated by org.testng.reporters.JUnitXMLReporter -->
<testsuite ignored="2" hostname="Harry" failures="0" tests="1" name="Test4" time="25.195" errors="0" timestamp="2024-11-26T09:41:06 IST">
  <testcase classname="ProductTest.FishProduct" name="addProduct" time="10.673"/>
  <testcase classname="ProductTest.FishProduct" name="removeProduct" time="0.0">
    <ignored/>
  </testcase> <!-- removeProduct -->
  <testcase classname="ProductTest.FishProduct" name="updateProduct" time="0.0">
    <ignored/>
  </testcase> <!-- updateProduct -->
</testsuite> <!-- Test4 -->
